<?xml version="1.0" encoding="UTF-8"?>
<!-- Generated by org.testng.reporters.JUnitReportReporter -->
<testsuite skipped="0" hostname="dinh.local" name="InstagramFeeding.ActionView" tests="1" failures="0" timestamp="05 Jul 2020 08:57:59 GMT" time="14.947" errors="0">
  <testcase name="Testing" time="14.947" classname="InstagramFeeding.ActionView"/>
</testsuite> <!-- InstagramFeeding.ActionView -->
