<?xml version="1.0" encoding="UTF-8"?>
<!-- Generated by org.testng.reporters.JUnitReportReporter -->
<testsuite hostname="DESKTOP-U1MBH4R" failures="0" tests="1" name="InstagramFeeding.ActionView" time="23.437" errors="0" timestamp="05 Jul 2020 09:38:56 GMT" skipped="0">
  <testcase classname="InstagramFeeding.ActionView" name="Testing" time="23.437"/>
</testsuite> <!-- InstagramFeeding.ActionView -->
